0 info it worked if it ends with ok
1 verbose cli [ '/usr/bin/nodejs', '/usr/bin/npm', 'run', 'deploy' ]
2 info using npm@3.5.2
3 info using node@v4.2.6
4 verbose run-script [ 'predeploy', 'deploy', 'postdeploy' ]
5 info lifecycle app-name-here@1.0.0~predeploy: app-name-here@1.0.0
6 verbose lifecycle app-name-here@1.0.0~predeploy: unsafe-perm in lifecycle true
7 verbose lifecycle app-name-here@1.0.0~predeploy: PATH: /usr/share/npm/bin/node-gyp-bin:/home/kv19971/hackust/amigo_hackust/node_modules/.bin:/home/kv19971/bin:/home/kv19971/.local/bin:/usr/local/sbin:/usr/local/bin:/usr/sbin:/usr/bin:/sbin:/bin:/usr/games:/usr/local/games:/snap/bin
8 verbose lifecycle app-name-here@1.0.0~predeploy: CWD: /home/kv19971/hackust/amigo_hackust
9 silly lifecycle app-name-here@1.0.0~predeploy: Args: [ '-c', 'npm run build' ]
10 silly lifecycle app-name-here@1.0.0~predeploy: Returned: code: 1  signal: null
11 info lifecycle app-name-here@1.0.0~predeploy: Failed to exec predeploy script
12 verbose stack Error: app-name-here@1.0.0 predeploy: `npm run build`
12 verbose stack Exit status 1
12 verbose stack     at EventEmitter.<anonymous> (/usr/share/npm/lib/utils/lifecycle.js:232:16)
12 verbose stack     at emitTwo (events.js:87:13)
12 verbose stack     at EventEmitter.emit (events.js:172:7)
12 verbose stack     at ChildProcess.<anonymous> (/usr/share/npm/lib/utils/spawn.js:24:14)
12 verbose stack     at emitTwo (events.js:87:13)
12 verbose stack     at ChildProcess.emit (events.js:172:7)
12 verbose stack     at maybeClose (internal/child_process.js:821:16)
12 verbose stack     at Process.ChildProcess._handle.onexit (internal/child_process.js:211:5)
13 verbose pkgid app-name-here@1.0.0
14 verbose cwd /home/kv19971/hackust/amigo_hackust
15 error Linux 4.8.0-41-generic
16 error argv "/usr/bin/nodejs" "/usr/bin/npm" "run" "deploy"
17 error node v4.2.6
18 error npm  v3.5.2
19 error code ELIFECYCLE
20 error app-name-here@1.0.0 predeploy: `npm run build`
20 error Exit status 1
21 error Failed at the app-name-here@1.0.0 predeploy script 'npm run build'.
21 error Make sure you have the latest version of node.js and npm installed.
21 error If you do, this is most likely a problem with the app-name-here package,
21 error not with npm itself.
21 error Tell the author that this fails on your system:
21 error     npm run build
21 error You can get information on how to open an issue for this project with:
21 error     npm bugs app-name-here
21 error Or if that isn't available, you can get their info via:
21 error     npm owner ls app-name-here
21 error There is likely additional logging output above.
22 verbose exit [ 1, true ]
